<?xml version="1.0" encoding="UTF-8"?>
<!-- Generated by org.testng.reporters.JUnitXMLReporter -->
<testsuite ignored="4" hostname="L7MN000108180" failures="0" tests="16" name="Regression Chrome" time="54.96" errors="0" timestamp="2021-02-20T13:21:07 CST">
  <testcase classname="com.mymatrix.qa.testcases.LoginPageTest" name="loginTest" time="1.007"/>
  <testcase classname="com.mymatrix.qa.testcases.LoginPageTest" name="loginTest" time="1.415"/>
  <testcase classname="com.mymatrix.qa.testcases.LoginPageTest" name="loginTest" time="1.34"/>
  <testcase classname="com.mymatrix.qa.testcases.LoginPageTest" name="loginTest" time="1.758"/>
  <testcase classname="com.mymatrix.qa.testcases.LoginPageTest" name="loginTest" time="1.341"/>
  <testcase classname="com.mymatrix.qa.testcases.LoginPageTest" name="loginTest" time="1.545"/>
  <testcase classname="com.mymatrix.qa.testcases.LoginPageTest" name="loginTest" time="8.902"/>
  <testcase classname="com.mymatrix.qa.testcases.ChangeBranchPageTest" name="changeBranchPageTest" time="2.729"/>
  <testcase classname="com.mymatrix.qa.testcases.ChangeBranchPageTest" name="changeBranchPageTest" time="0.152"/>
  <testcase classname="com.mymatrix.qa.testcases.SearchClientFilePageTest" name="searchClientFilePageTest" time="0.001"/>
  <testcase classname="com.mymatrix.qa.testcases.SearchClientFilePageTest" name="searchClientFilePageTest" time="0.189"/>
  <testcase classname="com.mymatrix.qa.testcases.SearchClientFilePageTest" name="searchClientFilePageTest" time="0.146"/>
  <testcase classname="com.mymatrix.qa.testcases.SearchClientFilePageTest" name="searchClientFilePageTest" time="0.166"/>
  <testcase classname="com.mymatrix.qa.testcases.SearchClientFilePageTest" name="searchClientFilePageTest" time="0.146"/>
  <testcase classname="com.mymatrix.qa.testcases.SearchClientFilePageTest" name="searchClientFilePageTest" time="0.135"/>
  <testcase classname="com.mymatrix.qa.testcases.SearchClientFilePageTest" name="searchClientFilePageTest" time="18.208"/>
  <testcase classname="com.mymatrix.qa.base.TestBase" name="@AfterSuite afterSuite" time="0.0">
    <ignored/>
  </testcase> <!-- @AfterSuite afterSuite -->
  <testcase classname="com.mymatrix.qa.base.TestBase" name="@AfterSuite afterSuite" time="0.0">
    <ignored/>
  </testcase> <!-- @AfterSuite afterSuite -->
  <testcase classname="com.mymatrix.qa.base.TestBase" name="@BeforeTest beforeSuite" time="0.0">
    <ignored/>
  </testcase> <!-- @BeforeTest beforeSuite -->
  <testcase classname="com.mymatrix.qa.base.TestBase" name="@BeforeTest beforeSuite" time="0.0">
    <ignored/>
  </testcase> <!-- @BeforeTest beforeSuite -->
</testsuite> <!-- Regression Chrome -->
