<?xml version="1.0" encoding="UTF-8"?>
<testng-results ignored="4" total="20" passed="16" failed="0" skipped="0">
  <reporter-output>
  </reporter-output>
  <suite started-at="2021-02-20T13:20:12 CST" name="TestSuite" finished-at="2021-02-20T13:21:07 CST" duration-ms="54960">
    <groups>
    </groups>
    <test started-at="2021-02-20T13:20:12 CST" name="Regression Chrome" finished-at="2021-02-20T13:21:07 CST" duration-ms="54960">
      <class name="com.mymatrix.qa.testcases.ChangeBranchPageTest">
        <test-method is-config="true" signature="beforeClass(java.lang.String)[pri:0, instance:com.mymatrix.qa.testcases.ChangeBranchPageTest@6166e06f]" started-at="2021-02-20T13:20:43 CST" name="beforeClass" finished-at="2021-02-20T13:20:43 CST" duration-ms="330" status="PASS">
          <params>
            <param index="0">
              <value>
                <![CDATA[\src\main\java\com\mymatrix\qa\testdata\US QA Regression.xlsx]]>
              </value>
            </param>
          </params>
          <reporter-output>
          </reporter-output>
        </test-method> <!-- beforeClass -->
        <test-method signature="changeBranchPageTest(java.lang.String, java.lang.String, java.lang.String, java.lang.String, java.lang.String, java.lang.String)[pri:0, instance:com.mymatrix.qa.testcases.ChangeBranchPageTest@6166e06f]" started-at="2021-02-20T13:20:43 CST" name="changeBranchPageTest" data-provider="inputs" finished-at="2021-02-20T13:20:46 CST" duration-ms="2729" status="PASS">
          <params>
            <param index="0">
              <value>
                <![CDATA[Y]]>
              </value>
            </param>
            <param index="1">
              <value>
                <![CDATA[US QA]]>
              </value>
            </param>
            <param index="2">
              <value>
                <![CDATA[u1011803G]]>
              </value>
            </param>
            <param index="3">
              <value>
                <![CDATA[U10118,]]>
              </value>
            </param>
            <param index="4">
              <value>
                <![CDATA[Success - 2021/02/20 13:18:40]]>
              </value>
            </param>
            <param index="5">
              <value>
                <![CDATA[1]]>
              </value>
            </param>
          </params>
          <reporter-output>
          </reporter-output>
        </test-method> <!-- changeBranchPageTest -->
        <test-method is-config="true" signature="afterMethod(org.testng.ITestResult)[pri:0, instance:com.mymatrix.qa.testcases.ChangeBranchPageTest@6166e06f]" started-at="2021-02-20T13:20:46 CST" name="afterMethod" finished-at="2021-02-20T13:20:46 CST" duration-ms="318" status="PASS">
          <params>
            <param index="0">
              <value>
                <![CDATA[[TestResult name=changeBranchPageTest status=SUCCESS method=ChangeBranchPageTest.changeBranchPageTest(java.lang.String, java.lang.String, java.lang.String, java.lang.String, java.lang.String, java.lang.String)[pri:0, instance:com.mymatrix.qa.testcases.ChangeBranchPageTest@6166e06f] output={null}]]]>
              </value>
            </param>
          </params>
          <reporter-output>
          </reporter-output>
        </test-method> <!-- afterMethod -->
        <test-method signature="changeBranchPageTest(java.lang.String, java.lang.String, java.lang.String, java.lang.String, java.lang.String, java.lang.String)[pri:0, instance:com.mymatrix.qa.testcases.ChangeBranchPageTest@6166e06f]" started-at="2021-02-20T13:20:46 CST" name="changeBranchPageTest" data-provider="inputs" finished-at="2021-02-20T13:20:46 CST" duration-ms="152" status="PASS">
          <params>
            <param index="0">
              <value>
                <![CDATA[n]]>
              </value>
            </param>
            <param index="1">
              <value>
                <![CDATA[US QA]]>
              </value>
            </param>
            <param index="2">
              <value>
                <![CDATA[u1110101n]]>
              </value>
            </param>
            <param index="3">
              <value>
                <![CDATA[U11101,]]>
              </value>
            </param>
            <param index="4">
              <value>
                <![CDATA[Success - 2021/02/20 13:18:41]]>
              </value>
            </param>
            <param index="5">
              <value>
                <![CDATA[2]]>
              </value>
            </param>
          </params>
          <reporter-output>
          </reporter-output>
        </test-method> <!-- changeBranchPageTest -->
        <test-method is-config="true" signature="afterMethod(org.testng.ITestResult)[pri:0, instance:com.mymatrix.qa.testcases.ChangeBranchPageTest@6166e06f]" started-at="2021-02-20T13:20:46 CST" name="afterMethod" finished-at="2021-02-20T13:20:47 CST" duration-ms="215" status="PASS">
          <params>
            <param index="0">
              <value>
                <![CDATA[[TestResult name=changeBranchPageTest status=SUCCESS method=ChangeBranchPageTest.changeBranchPageTest(java.lang.String, java.lang.String, java.lang.String, java.lang.String, java.lang.String, java.lang.String)[pri:0, instance:com.mymatrix.qa.testcases.ChangeBranchPageTest@6166e06f] output={null}]]]>
              </value>
            </param>
          </params>
          <reporter-output>
          </reporter-output>
        </test-method> <!-- afterMethod -->
      </class> <!-- com.mymatrix.qa.testcases.ChangeBranchPageTest -->
      <class name="com.mymatrix.qa.testcases.LoginPageTest">
        <test-method is-config="true" signature="beforeSuite()[pri:0, instance:com.mymatrix.qa.testcases.LoginPageTest@442675e1]" started-at="2021-02-20T13:20:12 CST" name="beforeSuite" finished-at="2021-02-20T13:20:19 CST" duration-ms="6483" status="PASS">
          <reporter-output>
          </reporter-output>
        </test-method> <!-- beforeSuite -->
        <test-method is-config="true" signature="beforeClass(java.lang.String)[pri:0, instance:com.mymatrix.qa.testcases.LoginPageTest@442675e1]" started-at="2021-02-20T13:20:19 CST" name="beforeClass" finished-at="2021-02-20T13:20:19 CST" duration-ms="443" status="PASS">
          <params>
            <param index="0">
              <value>
                <![CDATA[\src\main\java\com\mymatrix\qa\testdata\US QA Regression.xlsx]]>
              </value>
            </param>
          </params>
          <reporter-output>
          </reporter-output>
        </test-method> <!-- beforeClass -->
        <test-method signature="loginTest(java.lang.String, java.lang.String, java.lang.String, java.lang.String, java.lang.String, java.lang.String, java.lang.String, java.lang.String, java.lang.String)[pri:0, instance:com.mymatrix.qa.testcases.LoginPageTest@442675e1]" started-at="2021-02-20T13:20:21 CST" name="loginTest" data-provider="inputs" finished-at="2021-02-20T13:20:22 CST" duration-ms="1007" status="PASS">
          <params>
            <param index="0">
              <value>
                <![CDATA[n]]>
              </value>
            </param>
            <param index="1">
              <value>
                <![CDATA[US QA]]>
              </value>
            </param>
            <param index="2">
              <value>
                <![CDATA[Failed Login]]>
              </value>
            </param>
            <param index="3">
              <value>
                <![CDATA[https://matrixqa.carlsonwagonlit.com/usmymatrix/]]>
              </value>
            </param>
            <param index="4">
              <value>
                <![CDATA[112635]]>
              </value>
            </param>
            <param index="5">
              <value>
                <![CDATA[Matr]]>
              </value>
            </param>
            <param index="6">
              <value>
                <![CDATA[n]]>
              </value>
            </param>
            <param index="7">
              <value>
                <![CDATA[Success - 2021/02/20 13:18:12]]>
              </value>
            </param>
            <param index="8">
              <value>
                <![CDATA[1]]>
              </value>
            </param>
          </params>
          <reporter-output>
          </reporter-output>
        </test-method> <!-- loginTest -->
        <test-method is-config="true" signature="afterMethod(org.testng.ITestResult)[pri:0, instance:com.mymatrix.qa.testcases.LoginPageTest@442675e1]" started-at="2021-02-20T13:20:22 CST" name="afterMethod" finished-at="2021-02-20T13:20:24 CST" duration-ms="1520" status="PASS">
          <params>
            <param index="0">
              <value>
                <![CDATA[[TestResult name=loginTest status=SUCCESS method=LoginPageTest.loginTest(java.lang.String, java.lang.String, java.lang.String, java.lang.String, java.lang.String, java.lang.String, java.lang.String, java.lang.String, java.lang.String)[pri:0, instance:com.mymatrix.qa.testcases.LoginPageTest@442675e1] output={null}]]]>
              </value>
            </param>
          </params>
          <reporter-output>
          </reporter-output>
        </test-method> <!-- afterMethod -->
        <test-method signature="loginTest(java.lang.String, java.lang.String, java.lang.String, java.lang.String, java.lang.String, java.lang.String, java.lang.String, java.lang.String, java.lang.String)[pri:0, instance:com.mymatrix.qa.testcases.LoginPageTest@442675e1]" started-at="2021-02-20T13:20:24 CST" name="loginTest" data-provider="inputs" finished-at="2021-02-20T13:20:25 CST" duration-ms="1415" status="PASS">
          <params>
            <param index="0">
              <value>
                <![CDATA[n]]>
              </value>
            </param>
            <param index="1">
              <value>
                <![CDATA[US QA]]>
              </value>
            </param>
            <param index="2">
              <value>
                <![CDATA[Failed Login]]>
              </value>
            </param>
            <param index="3">
              <value>
                <![CDATA[https://matrixqa.carlsonwagonlit.com/usmymatrix/]]>
              </value>
            </param>
            <param index="4">
              <value>
                <![CDATA[112635]]>
              </value>
            </param>
            <param index="5">
              <value>
                <![CDATA[]]>
              </value>
            </param>
            <param index="6">
              <value>
                <![CDATA[n]]>
              </value>
            </param>
            <param index="7">
              <value>
                <![CDATA[Success - 2021/02/20 13:18:16]]>
              </value>
            </param>
            <param index="8">
              <value>
                <![CDATA[2]]>
              </value>
            </param>
          </params>
          <reporter-output>
          </reporter-output>
        </test-method> <!-- loginTest -->
        <test-method is-config="true" signature="afterMethod(org.testng.ITestResult)[pri:0, instance:com.mymatrix.qa.testcases.LoginPageTest@442675e1]" started-at="2021-02-20T13:20:25 CST" name="afterMethod" finished-at="2021-02-20T13:20:26 CST" duration-ms="493" status="PASS">
          <params>
            <param index="0">
              <value>
                <![CDATA[[TestResult name=loginTest status=SUCCESS method=LoginPageTest.loginTest(java.lang.String, java.lang.String, java.lang.String, java.lang.String, java.lang.String, java.lang.String, java.lang.String, java.lang.String, java.lang.String)[pri:0, instance:com.mymatrix.qa.testcases.LoginPageTest@442675e1] output={null}]]]>
              </value>
            </param>
          </params>
          <reporter-output>
          </reporter-output>
        </test-method> <!-- afterMethod -->
        <test-method signature="loginTest(java.lang.String, java.lang.String, java.lang.String, java.lang.String, java.lang.String, java.lang.String, java.lang.String, java.lang.String, java.lang.String)[pri:0, instance:com.mymatrix.qa.testcases.LoginPageTest@442675e1]" started-at="2021-02-20T13:20:26 CST" name="loginTest" data-provider="inputs" finished-at="2021-02-20T13:20:27 CST" duration-ms="1340" status="PASS">
          <params>
            <param index="0">
              <value>
                <![CDATA[n]]>
              </value>
            </param>
            <param index="1">
              <value>
                <![CDATA[US QA]]>
              </value>
            </param>
            <param index="2">
              <value>
                <![CDATA[Failed Login]]>
              </value>
            </param>
            <param index="3">
              <value>
                <![CDATA[https://matrixqa.carlsonwagonlit.com/usmymatrix/]]>
              </value>
            </param>
            <param index="4">
              <value>
                <![CDATA[112]]>
              </value>
            </param>
            <param index="5">
              <value>
                <![CDATA[Matrix129]]>
              </value>
            </param>
            <param index="6">
              <value>
                <![CDATA[n]]>
              </value>
            </param>
            <param index="7">
              <value>
                <![CDATA[Success - 2021/02/20 13:18:18]]>
              </value>
            </param>
            <param index="8">
              <value>
                <![CDATA[3]]>
              </value>
            </param>
          </params>
          <reporter-output>
          </reporter-output>
        </test-method> <!-- loginTest -->
        <test-method is-config="true" signature="afterMethod(org.testng.ITestResult)[pri:0, instance:com.mymatrix.qa.testcases.LoginPageTest@442675e1]" started-at="2021-02-20T13:20:27 CST" name="afterMethod" finished-at="2021-02-20T13:20:28 CST" duration-ms="584" status="PASS">
          <params>
            <param index="0">
              <value>
                <![CDATA[[TestResult name=loginTest status=SUCCESS method=LoginPageTest.loginTest(java.lang.String, java.lang.String, java.lang.String, java.lang.String, java.lang.String, java.lang.String, java.lang.String, java.lang.String, java.lang.String)[pri:0, instance:com.mymatrix.qa.testcases.LoginPageTest@442675e1] output={null}]]]>
              </value>
            </param>
          </params>
          <reporter-output>
          </reporter-output>
        </test-method> <!-- afterMethod -->
        <test-method signature="loginTest(java.lang.String, java.lang.String, java.lang.String, java.lang.String, java.lang.String, java.lang.String, java.lang.String, java.lang.String, java.lang.String)[pri:0, instance:com.mymatrix.qa.testcases.LoginPageTest@442675e1]" started-at="2021-02-20T13:20:28 CST" name="loginTest" data-provider="inputs" finished-at="2021-02-20T13:20:29 CST" duration-ms="1758" status="PASS">
          <params>
            <param index="0">
              <value>
                <![CDATA[n]]>
              </value>
            </param>
            <param index="1">
              <value>
                <![CDATA[US QA]]>
              </value>
            </param>
            <param index="2">
              <value>
                <![CDATA[Failed Login]]>
              </value>
            </param>
            <param index="3">
              <value>
                <![CDATA[https://matrixqa.carlsonwagonlit.com/usmymatrix/]]>
              </value>
            </param>
            <param index="4">
              <value>
                <![CDATA[]]>
              </value>
            </param>
            <param index="5">
              <value>
                <![CDATA[Matrix129]]>
              </value>
            </param>
            <param index="6">
              <value>
                <![CDATA[n]]>
              </value>
            </param>
            <param index="7">
              <value>
                <![CDATA[Success - 2021/02/20 13:18:19]]>
              </value>
            </param>
            <param index="8">
              <value>
                <![CDATA[4]]>
              </value>
            </param>
          </params>
          <reporter-output>
          </reporter-output>
        </test-method> <!-- loginTest -->
        <test-method is-config="true" signature="afterMethod(org.testng.ITestResult)[pri:0, instance:com.mymatrix.qa.testcases.LoginPageTest@442675e1]" started-at="2021-02-20T13:20:29 CST" name="afterMethod" finished-at="2021-02-20T13:20:30 CST" duration-ms="442" status="PASS">
          <params>
            <param index="0">
              <value>
                <![CDATA[[TestResult name=loginTest status=SUCCESS method=LoginPageTest.loginTest(java.lang.String, java.lang.String, java.lang.String, java.lang.String, java.lang.String, java.lang.String, java.lang.String, java.lang.String, java.lang.String)[pri:0, instance:com.mymatrix.qa.testcases.LoginPageTest@442675e1] output={null}]]]>
              </value>
            </param>
          </params>
          <reporter-output>
          </reporter-output>
        </test-method> <!-- afterMethod -->
        <test-method signature="loginTest(java.lang.String, java.lang.String, java.lang.String, java.lang.String, java.lang.String, java.lang.String, java.lang.String, java.lang.String, java.lang.String)[pri:0, instance:com.mymatrix.qa.testcases.LoginPageTest@442675e1]" started-at="2021-02-20T13:20:30 CST" name="loginTest" data-provider="inputs" finished-at="2021-02-20T13:20:31 CST" duration-ms="1341" status="PASS">
          <params>
            <param index="0">
              <value>
                <![CDATA[n]]>
              </value>
            </param>
            <param index="1">
              <value>
                <![CDATA[US QA]]>
              </value>
            </param>
            <param index="2">
              <value>
                <![CDATA[Failed Login]]>
              </value>
            </param>
            <param index="3">
              <value>
                <![CDATA[https://matrixqa.carlsonwagonlit.com/usmymatrix/]]>
              </value>
            </param>
            <param index="4">
              <value>
                <![CDATA[]]>
              </value>
            </param>
            <param index="5">
              <value>
                <![CDATA[]]>
              </value>
            </param>
            <param index="6">
              <value>
                <![CDATA[n]]>
              </value>
            </param>
            <param index="7">
              <value>
                <![CDATA[Success - 2021/02/20 13:18:21]]>
              </value>
            </param>
            <param index="8">
              <value>
                <![CDATA[5]]>
              </value>
            </param>
          </params>
          <reporter-output>
          </reporter-output>
        </test-method> <!-- loginTest -->
        <test-method is-config="true" signature="afterMethod(org.testng.ITestResult)[pri:0, instance:com.mymatrix.qa.testcases.LoginPageTest@442675e1]" started-at="2021-02-20T13:20:31 CST" name="afterMethod" finished-at="2021-02-20T13:20:32 CST" duration-ms="332" status="PASS">
          <params>
            <param index="0">
              <value>
                <![CDATA[[TestResult name=loginTest status=SUCCESS method=LoginPageTest.loginTest(java.lang.String, java.lang.String, java.lang.String, java.lang.String, java.lang.String, java.lang.String, java.lang.String, java.lang.String, java.lang.String)[pri:0, instance:com.mymatrix.qa.testcases.LoginPageTest@442675e1] output={null}]]]>
              </value>
            </param>
          </params>
          <reporter-output>
          </reporter-output>
        </test-method> <!-- afterMethod -->
        <test-method signature="loginTest(java.lang.String, java.lang.String, java.lang.String, java.lang.String, java.lang.String, java.lang.String, java.lang.String, java.lang.String, java.lang.String)[pri:0, instance:com.mymatrix.qa.testcases.LoginPageTest@442675e1]" started-at="2021-02-20T13:20:32 CST" name="loginTest" data-provider="inputs" finished-at="2021-02-20T13:20:33 CST" duration-ms="1545" status="PASS">
          <params>
            <param index="0">
              <value>
                <![CDATA[n]]>
              </value>
            </param>
            <param index="1">
              <value>
                <![CDATA[US QA]]>
              </value>
            </param>
            <param index="2">
              <value>
                <![CDATA[Forgot Password]]>
              </value>
            </param>
            <param index="3">
              <value>
                <![CDATA[https://matrixqa.carlsonwagonlit.com/usmymatrix/]]>
              </value>
            </param>
            <param index="4">
              <value>
                <![CDATA[]]>
              </value>
            </param>
            <param index="5">
              <value>
                <![CDATA[]]>
              </value>
            </param>
            <param index="6">
              <value>
                <![CDATA[n]]>
              </value>
            </param>
            <param index="7">
              <value>
                <![CDATA[Success - 2021/02/20 13:18:23]]>
              </value>
            </param>
            <param index="8">
              <value>
                <![CDATA[6]]>
              </value>
            </param>
          </params>
          <reporter-output>
          </reporter-output>
        </test-method> <!-- loginTest -->
        <test-method is-config="true" signature="afterMethod(org.testng.ITestResult)[pri:0, instance:com.mymatrix.qa.testcases.LoginPageTest@442675e1]" started-at="2021-02-20T13:20:33 CST" name="afterMethod" finished-at="2021-02-20T13:20:34 CST" duration-ms="625" status="PASS">
          <params>
            <param index="0">
              <value>
                <![CDATA[[TestResult name=loginTest status=SUCCESS method=LoginPageTest.loginTest(java.lang.String, java.lang.String, java.lang.String, java.lang.String, java.lang.String, java.lang.String, java.lang.String, java.lang.String, java.lang.String)[pri:0, instance:com.mymatrix.qa.testcases.LoginPageTest@442675e1] output={null}]]]>
              </value>
            </param>
          </params>
          <reporter-output>
          </reporter-output>
        </test-method> <!-- afterMethod -->
        <test-method signature="loginTest(java.lang.String, java.lang.String, java.lang.String, java.lang.String, java.lang.String, java.lang.String, java.lang.String, java.lang.String, java.lang.String)[pri:0, instance:com.mymatrix.qa.testcases.LoginPageTest@442675e1]" started-at="2021-02-20T13:20:34 CST" name="loginTest" data-provider="inputs" finished-at="2021-02-20T13:20:43 CST" duration-ms="8902" status="PASS">
          <params>
            <param index="0">
              <value>
                <![CDATA[Y]]>
              </value>
            </param>
            <param index="1">
              <value>
                <![CDATA[US QA]]>
              </value>
            </param>
            <param index="2">
              <value>
                <![CDATA[Successful Login]]>
              </value>
            </param>
            <param index="3">
              <value>
                <![CDATA[https://matrixqa.carlsonwagonlit.com/usmymatrix/]]>
              </value>
            </param>
            <param index="4">
              <value>
                <![CDATA[112635]]>
              </value>
            </param>
            <param index="5">
              <value>
                <![CDATA[Matrix129]]>
              </value>
            </param>
            <param index="6">
              <value>
                <![CDATA[n]]>
              </value>
            </param>
            <param index="7">
              <value>
                <![CDATA[Success - 2021/02/20 13:18:35]]>
              </value>
            </param>
            <param index="8">
              <value>
                <![CDATA[7]]>
              </value>
            </param>
          </params>
          <reporter-output>
          </reporter-output>
        </test-method> <!-- loginTest -->
        <test-method is-config="true" signature="afterMethod(org.testng.ITestResult)[pri:0, instance:com.mymatrix.qa.testcases.LoginPageTest@442675e1]" started-at="2021-02-20T13:20:43 CST" name="afterMethod" finished-at="2021-02-20T13:20:43 CST" duration-ms="195" status="PASS">
          <params>
            <param index="0">
              <value>
                <![CDATA[[TestResult name=loginTest status=SUCCESS method=LoginPageTest.loginTest(java.lang.String, java.lang.String, java.lang.String, java.lang.String, java.lang.String, java.lang.String, java.lang.String, java.lang.String, java.lang.String)[pri:0, instance:com.mymatrix.qa.testcases.LoginPageTest@442675e1] output={null}]]]>
              </value>
            </param>
          </params>
          <reporter-output>
          </reporter-output>
        </test-method> <!-- afterMethod -->
        <test-method is-config="true" signature="afterSuite()[pri:0, instance:com.mymatrix.qa.testcases.LoginPageTest@442675e1]" started-at="2021-02-20T13:21:07 CST" name="afterSuite" finished-at="2021-02-20T13:21:09 CST" duration-ms="1697" status="PASS">
          <reporter-output>
          </reporter-output>
        </test-method> <!-- afterSuite -->
      </class> <!-- com.mymatrix.qa.testcases.LoginPageTest -->
      <class name="com.mymatrix.qa.testcases.SearchClientFilePageTest">
        <test-method is-config="true" signature="beforeClass(java.lang.String)[pri:0, instance:com.mymatrix.qa.testcases.SearchClientFilePageTest@49e202ad]" started-at="2021-02-20T13:20:47 CST" name="beforeClass" finished-at="2021-02-20T13:20:47 CST" duration-ms="107" status="PASS">
          <params>
            <param index="0">
              <value>
                <![CDATA[\src\main\java\com\mymatrix\qa\testdata\US QA Regression.xlsx]]>
              </value>
            </param>
          </params>
          <reporter-output>
          </reporter-output>
        </test-method> <!-- beforeClass -->
        <test-method signature="searchClientFilePageTest(java.lang.String, java.lang.String, java.lang.String, java.lang.String, java.lang.String, java.lang.String, java.lang.String, java.lang.String, java.lang.String, java.lang.String, java.lang.String)[pri:0, instance:com.mymatrix.qa.testcases.SearchClientFilePageTest@49e202ad]" started-at="2021-02-20T13:20:47 CST" name="searchClientFilePageTest" data-provider="inputs" finished-at="2021-02-20T13:20:47 CST" duration-ms="1" status="PASS">
          <params>
            <param index="0">
              <value>
                <![CDATA[n]]>
              </value>
            </param>
            <param index="1">
              <value>
                <![CDATA[US QA]]>
              </value>
            </param>
            <param index="2">
              <value>
                <![CDATA[UDA0000270C]]>
              </value>
            </param>
            <param index="3">
              <value>
                <![CDATA[BLXUIT]]>
              </value>
            </param>
            <param index="4">
              <value>
                <![CDATA[]]>
              </value>
            </param>
            <param index="5">
              <value>
                <![CDATA[]]>
              </value>
            </param>
            <param index="6">
              <value>
                <![CDATA[]]>
              </value>
            </param>
            <param index="7">
              <value>
                <![CDATA[]]>
              </value>
            </param>
            <param index="8">
              <value>
                <![CDATA[]]>
              </value>
            </param>
            <param index="9">
              <value>
                <![CDATA[Success - 2021/02/20 13:18:42]]>
              </value>
            </param>
            <param index="10">
              <value>
                <![CDATA[1]]>
              </value>
            </param>
          </params>
          <reporter-output>
          </reporter-output>
        </test-method> <!-- searchClientFilePageTest -->
        <test-method is-config="true" signature="afterMethod(org.testng.ITestResult)[pri:0, instance:com.mymatrix.qa.testcases.SearchClientFilePageTest@49e202ad]" started-at="2021-02-20T13:20:47 CST" name="afterMethod" finished-at="2021-02-20T13:20:47 CST" duration-ms="223" status="PASS">
          <params>
            <param index="0">
              <value>
                <![CDATA[[TestResult name=searchClientFilePageTest status=SUCCESS method=SearchClientFilePageTest.searchClientFilePageTest(java.lang.String, java.lang.String, java.lang.String, java.lang.String, java.lang.String, java.lang.String, java.lang.String, java.lang.String, java.lang.String, java.lang.String, java.lang.String)[pri:0, instance:com.mymatrix.qa.testcases.SearchClientFilePageTest@49e202ad] output={null}]]]>
              </value>
            </param>
          </params>
          <reporter-output>
          </reporter-output>
        </test-method> <!-- afterMethod -->
        <test-method signature="searchClientFilePageTest(java.lang.String, java.lang.String, java.lang.String, java.lang.String, java.lang.String, java.lang.String, java.lang.String, java.lang.String, java.lang.String, java.lang.String, java.lang.String)[pri:0, instance:com.mymatrix.qa.testcases.SearchClientFilePageTest@49e202ad]" started-at="2021-02-20T13:20:47 CST" name="searchClientFilePageTest" data-provider="inputs" finished-at="2021-02-20T13:20:47 CST" duration-ms="189" status="PASS">
          <params>
            <param index="0">
              <value>
                <![CDATA[n]]>
              </value>
            </param>
            <param index="1">
              <value>
                <![CDATA[US QA]]>
              </value>
            </param>
            <param index="2">
              <value>
                <![CDATA[]]>
              </value>
            </param>
            <param index="3">
              <value>
                <![CDATA[]]>
              </value>
            </param>
            <param index="4">
              <value>
                <![CDATA[0118]]>
              </value>
            </param>
            <param index="5">
              <value>
                <![CDATA[Ashlyn]]>
              </value>
            </param>
            <param index="6">
              <value>
                <![CDATA[]]>
              </value>
            </param>
            <param index="7">
              <value>
                <![CDATA[]]>
              </value>
            </param>
            <param index="8">
              <value>
                <![CDATA[]]>
              </value>
            </param>
            <param index="9">
              <value>
                <![CDATA[Success - 2021/02/20 13:18:42]]>
              </value>
            </param>
            <param index="10">
              <value>
                <![CDATA[2]]>
              </value>
            </param>
          </params>
          <reporter-output>
          </reporter-output>
        </test-method> <!-- searchClientFilePageTest -->
        <test-method is-config="true" signature="afterMethod(org.testng.ITestResult)[pri:0, instance:com.mymatrix.qa.testcases.SearchClientFilePageTest@49e202ad]" started-at="2021-02-20T13:20:47 CST" name="afterMethod" finished-at="2021-02-20T13:20:48 CST" duration-ms="234" status="PASS">
          <params>
            <param index="0">
              <value>
                <![CDATA[[TestResult name=searchClientFilePageTest status=SUCCESS method=SearchClientFilePageTest.searchClientFilePageTest(java.lang.String, java.lang.String, java.lang.String, java.lang.String, java.lang.String, java.lang.String, java.lang.String, java.lang.String, java.lang.String, java.lang.String, java.lang.String)[pri:0, instance:com.mymatrix.qa.testcases.SearchClientFilePageTest@49e202ad] output={null}]]]>
              </value>
            </param>
          </params>
          <reporter-output>
          </reporter-output>
        </test-method> <!-- afterMethod -->
        <test-method signature="searchClientFilePageTest(java.lang.String, java.lang.String, java.lang.String, java.lang.String, java.lang.String, java.lang.String, java.lang.String, java.lang.String, java.lang.String, java.lang.String, java.lang.String)[pri:0, instance:com.mymatrix.qa.testcases.SearchClientFilePageTest@49e202ad]" started-at="2021-02-20T13:20:48 CST" name="searchClientFilePageTest" data-provider="inputs" finished-at="2021-02-20T13:20:48 CST" duration-ms="146" status="PASS">
          <params>
            <param index="0">
              <value>
                <![CDATA[n]]>
              </value>
            </param>
            <param index="1">
              <value>
                <![CDATA[US QA]]>
              </value>
            </param>
            <param index="2">
              <value>
                <![CDATA[]]>
              </value>
            </param>
            <param index="3">
              <value>
                <![CDATA[]]>
              </value>
            </param>
            <param index="4">
              <value>
                <![CDATA[]]>
              </value>
            </param>
            <param index="5">
              <value>
                <![CDATA[Ashlyn]]>
              </value>
            </param>
            <param index="6">
              <value>
                <![CDATA[]]>
              </value>
            </param>
            <param index="7">
              <value>
                <![CDATA[]]>
              </value>
            </param>
            <param index="8">
              <value>
                <![CDATA[]]>
              </value>
            </param>
            <param index="9">
              <value>
                <![CDATA[Success - 2021/02/20 13:18:43]]>
              </value>
            </param>
            <param index="10">
              <value>
                <![CDATA[3]]>
              </value>
            </param>
          </params>
          <reporter-output>
          </reporter-output>
        </test-method> <!-- searchClientFilePageTest -->
        <test-method is-config="true" signature="afterMethod(org.testng.ITestResult)[pri:0, instance:com.mymatrix.qa.testcases.SearchClientFilePageTest@49e202ad]" started-at="2021-02-20T13:20:48 CST" name="afterMethod" finished-at="2021-02-20T13:20:48 CST" duration-ms="214" status="PASS">
          <params>
            <param index="0">
              <value>
                <![CDATA[[TestResult name=searchClientFilePageTest status=SUCCESS method=SearchClientFilePageTest.searchClientFilePageTest(java.lang.String, java.lang.String, java.lang.String, java.lang.String, java.lang.String, java.lang.String, java.lang.String, java.lang.String, java.lang.String, java.lang.String, java.lang.String)[pri:0, instance:com.mymatrix.qa.testcases.SearchClientFilePageTest@49e202ad] output={null}]]]>
              </value>
            </param>
          </params>
          <reporter-output>
          </reporter-output>
        </test-method> <!-- afterMethod -->
        <test-method signature="searchClientFilePageTest(java.lang.String, java.lang.String, java.lang.String, java.lang.String, java.lang.String, java.lang.String, java.lang.String, java.lang.String, java.lang.String, java.lang.String, java.lang.String)[pri:0, instance:com.mymatrix.qa.testcases.SearchClientFilePageTest@49e202ad]" started-at="2021-02-20T13:20:48 CST" name="searchClientFilePageTest" data-provider="inputs" finished-at="2021-02-20T13:20:48 CST" duration-ms="166" status="PASS">
          <params>
            <param index="0">
              <value>
                <![CDATA[n]]>
              </value>
            </param>
            <param index="1">
              <value>
                <![CDATA[US QA]]>
              </value>
            </param>
            <param index="2">
              <value>
                <![CDATA[]]>
              </value>
            </param>
            <param index="3">
              <value>
                <![CDATA[]]>
              </value>
            </param>
            <param index="4">
              <value>
                <![CDATA[]]>
              </value>
            </param>
            <param index="5">
              <value>
                <![CDATA[]]>
              </value>
            </param>
            <param index="6">
              <value>
                <![CDATA[Aslor]]>
              </value>
            </param>
            <param index="7">
              <value>
                <![CDATA[]]>
              </value>
            </param>
            <param index="8">
              <value>
                <![CDATA[]]>
              </value>
            </param>
            <param index="9">
              <value>
                <![CDATA[Success - 2021/02/20 13:18:43]]>
              </value>
            </param>
            <param index="10">
              <value>
                <![CDATA[4]]>
              </value>
            </param>
          </params>
          <reporter-output>
          </reporter-output>
        </test-method> <!-- searchClientFilePageTest -->
        <test-method is-config="true" signature="afterMethod(org.testng.ITestResult)[pri:0, instance:com.mymatrix.qa.testcases.SearchClientFilePageTest@49e202ad]" started-at="2021-02-20T13:20:48 CST" name="afterMethod" finished-at="2021-02-20T13:20:48 CST" duration-ms="166" status="PASS">
          <params>
            <param index="0">
              <value>
                <![CDATA[[TestResult name=searchClientFilePageTest status=SUCCESS method=SearchClientFilePageTest.searchClientFilePageTest(java.lang.String, java.lang.String, java.lang.String, java.lang.String, java.lang.String, java.lang.String, java.lang.String, java.lang.String, java.lang.String, java.lang.String, java.lang.String)[pri:0, instance:com.mymatrix.qa.testcases.SearchClientFilePageTest@49e202ad] output={null}]]]>
              </value>
            </param>
          </params>
          <reporter-output>
          </reporter-output>
        </test-method> <!-- afterMethod -->
        <test-method signature="searchClientFilePageTest(java.lang.String, java.lang.String, java.lang.String, java.lang.String, java.lang.String, java.lang.String, java.lang.String, java.lang.String, java.lang.String, java.lang.String, java.lang.String)[pri:0, instance:com.mymatrix.qa.testcases.SearchClientFilePageTest@49e202ad]" started-at="2021-02-20T13:20:48 CST" name="searchClientFilePageTest" data-provider="inputs" finished-at="2021-02-20T13:20:48 CST" duration-ms="146" status="PASS">
          <params>
            <param index="0">
              <value>
                <![CDATA[n]]>
              </value>
            </param>
            <param index="1">
              <value>
                <![CDATA[US QA]]>
              </value>
            </param>
            <param index="2">
              <value>
                <![CDATA[]]>
              </value>
            </param>
            <param index="3">
              <value>
                <![CDATA[]]>
              </value>
            </param>
            <param index="4">
              <value>
                <![CDATA[]]>
              </value>
            </param>
            <param index="5">
              <value>
                <![CDATA[]]>
              </value>
            </param>
            <param index="6">
              <value>
                <![CDATA[]]>
              </value>
            </param>
            <param index="7">
              <value>
                <![CDATA[Ticket]]>
              </value>
            </param>
            <param index="8">
              <value>
                <![CDATA[7890032961]]>
              </value>
            </param>
            <param index="9">
              <value>
                <![CDATA[Success - 2021/02/20 13:18:44]]>
              </value>
            </param>
            <param index="10">
              <value>
                <![CDATA[5]]>
              </value>
            </param>
          </params>
          <reporter-output>
          </reporter-output>
        </test-method> <!-- searchClientFilePageTest -->
        <test-method is-config="true" signature="afterMethod(org.testng.ITestResult)[pri:0, instance:com.mymatrix.qa.testcases.SearchClientFilePageTest@49e202ad]" started-at="2021-02-20T13:20:48 CST" name="afterMethod" finished-at="2021-02-20T13:20:49 CST" duration-ms="182" status="PASS">
          <params>
            <param index="0">
              <value>
                <![CDATA[[TestResult name=searchClientFilePageTest status=SUCCESS method=SearchClientFilePageTest.searchClientFilePageTest(java.lang.String, java.lang.String, java.lang.String, java.lang.String, java.lang.String, java.lang.String, java.lang.String, java.lang.String, java.lang.String, java.lang.String, java.lang.String)[pri:0, instance:com.mymatrix.qa.testcases.SearchClientFilePageTest@49e202ad] output={null}]]]>
              </value>
            </param>
          </params>
          <reporter-output>
          </reporter-output>
        </test-method> <!-- afterMethod -->
        <test-method signature="searchClientFilePageTest(java.lang.String, java.lang.String, java.lang.String, java.lang.String, java.lang.String, java.lang.String, java.lang.String, java.lang.String, java.lang.String, java.lang.String, java.lang.String)[pri:0, instance:com.mymatrix.qa.testcases.SearchClientFilePageTest@49e202ad]" started-at="2021-02-20T13:20:49 CST" name="searchClientFilePageTest" data-provider="inputs" finished-at="2021-02-20T13:20:49 CST" duration-ms="135" status="PASS">
          <params>
            <param index="0">
              <value>
                <![CDATA[n]]>
              </value>
            </param>
            <param index="1">
              <value>
                <![CDATA[US QA]]>
              </value>
            </param>
            <param index="2">
              <value>
                <![CDATA[]]>
              </value>
            </param>
            <param index="3">
              <value>
                <![CDATA[]]>
              </value>
            </param>
            <param index="4">
              <value>
                <![CDATA[]]>
              </value>
            </param>
            <param index="5">
              <value>
                <![CDATA[]]>
              </value>
            </param>
            <param index="6">
              <value>
                <![CDATA[]]>
              </value>
            </param>
            <param index="7">
              <value>
                <![CDATA[Ticket]]>
              </value>
            </param>
            <param index="8">
              <value>
                <![CDATA[7890041111]]>
              </value>
            </param>
            <param index="9">
              <value>
                <![CDATA[Success - 2021/02/20 13:18:44]]>
              </value>
            </param>
            <param index="10">
              <value>
                <![CDATA[6]]>
              </value>
            </param>
          </params>
          <reporter-output>
          </reporter-output>
        </test-method> <!-- searchClientFilePageTest -->
        <test-method is-config="true" signature="afterMethod(org.testng.ITestResult)[pri:0, instance:com.mymatrix.qa.testcases.SearchClientFilePageTest@49e202ad]" started-at="2021-02-20T13:20:49 CST" name="afterMethod" finished-at="2021-02-20T13:20:49 CST" duration-ms="226" status="PASS">
          <params>
            <param index="0">
              <value>
                <![CDATA[[TestResult name=searchClientFilePageTest status=SUCCESS method=SearchClientFilePageTest.searchClientFilePageTest(java.lang.String, java.lang.String, java.lang.String, java.lang.String, java.lang.String, java.lang.String, java.lang.String, java.lang.String, java.lang.String, java.lang.String, java.lang.String)[pri:0, instance:com.mymatrix.qa.testcases.SearchClientFilePageTest@49e202ad] output={null}]]]>
              </value>
            </param>
          </params>
          <reporter-output>
          </reporter-output>
        </test-method> <!-- afterMethod -->
        <test-method signature="searchClientFilePageTest(java.lang.String, java.lang.String, java.lang.String, java.lang.String, java.lang.String, java.lang.String, java.lang.String, java.lang.String, java.lang.String, java.lang.String, java.lang.String)[pri:0, instance:com.mymatrix.qa.testcases.SearchClientFilePageTest@49e202ad]" started-at="2021-02-20T13:20:49 CST" name="searchClientFilePageTest" data-provider="inputs" finished-at="2021-02-20T13:21:07 CST" duration-ms="18208" status="PASS">
          <params>
            <param index="0">
              <value>
                <![CDATA[Y]]>
              </value>
            </param>
            <param index="1">
              <value>
                <![CDATA[US QA]]>
              </value>
            </param>
            <param index="2">
              <value>
                <![CDATA[UDA0000610N]]>
              </value>
            </param>
            <param index="3">
              <value>
                <![CDATA[]]>
              </value>
            </param>
            <param index="4">
              <value>
                <![CDATA[]]>
              </value>
            </param>
            <param index="5">
              <value>
                <![CDATA[]]>
              </value>
            </param>
            <param index="6">
              <value>
                <![CDATA[]]>
              </value>
            </param>
            <param index="7">
              <value>
                <![CDATA[]]>
              </value>
            </param>
            <param index="8">
              <value>
                <![CDATA[]]>
              </value>
            </param>
            <param index="9">
              <value>
                <![CDATA[Success - 2021/02/20 13:19:05]]>
              </value>
            </param>
            <param index="10">
              <value>
                <![CDATA[7]]>
              </value>
            </param>
          </params>
          <reporter-output>
          </reporter-output>
        </test-method> <!-- searchClientFilePageTest -->
        <test-method is-config="true" signature="afterMethod(org.testng.ITestResult)[pri:0, instance:com.mymatrix.qa.testcases.SearchClientFilePageTest@49e202ad]" started-at="2021-02-20T13:21:07 CST" name="afterMethod" finished-at="2021-02-20T13:21:07 CST" duration-ms="166" status="PASS">
          <params>
            <param index="0">
              <value>
                <![CDATA[[TestResult name=searchClientFilePageTest status=SUCCESS method=SearchClientFilePageTest.searchClientFilePageTest(java.lang.String, java.lang.String, java.lang.String, java.lang.String, java.lang.String, java.lang.String, java.lang.String, java.lang.String, java.lang.String, java.lang.String, java.lang.String)[pri:0, instance:com.mymatrix.qa.testcases.SearchClientFilePageTest@49e202ad] output={null}]]]>
              </value>
            </param>
          </params>
          <reporter-output>
          </reporter-output>
        </test-method> <!-- afterMethod -->
      </class> <!-- com.mymatrix.qa.testcases.SearchClientFilePageTest -->
    </test> <!-- Regression Chrome -->
  </suite> <!-- TestSuite -->
</testng-results>
