<?xml version="1.0" encoding="UTF-8"?>
<testsuite name="TestSuite" time="3.725" tests="16" errors="0" skipped="0" failures="0">
  <properties>
[...]
</properties>
  <testcase name="loginTest" classname="com.mymatrix.qa.testcases.LoginPageTest" time="1.011"/>
  <testcase name="loginTest" classname="com.mymatrix.qa.testcases.LoginPageTest" time="1.414"/>
  <testcase name="loginTest" classname="com.mymatrix.qa.testcases.LoginPageTest" time="1.339"/>
  <testcase name="loginTest" classname="com.mymatrix.qa.testcases.LoginPageTest" time="1.758"/>
  <testcase name="loginTest" classname="com.mymatrix.qa.testcases.LoginPageTest" time="1.346"/>
  <testcase name="loginTest" classname="com.mymatrix.qa.testcases.LoginPageTest" time="1.546"/>
  <testcase name="loginTest" classname="com.mymatrix.qa.testcases.LoginPageTest" time="8.901"/>
  <testcase name="changeBranchPageTest" classname="com.mymatrix.qa.testcases.ChangeBranchPageTest" time="2.713"/>
  <testcase name="changeBranchPageTest" classname="com.mymatrix.qa.testcases.ChangeBranchPageTest" time="0.153"/>
  <testcase name="searchClientFilePageTest" classname="com.mymatrix.qa.testcases.SearchClientFilePageTest" time="0.001"/>
  <testcase name="searchClientFilePageTest" classname="com.mymatrix.qa.testcases.SearchClientFilePageTest" time="0.201"/>
  <testcase name="searchClientFilePageTest" classname="com.mymatrix.qa.testcases.SearchClientFilePageTest" time="0.146"/>
  <testcase name="searchClientFilePageTest" classname="com.mymatrix.qa.testcases.SearchClientFilePageTest" time="0.168"/>
  <testcase name="searchClientFilePageTest" classname="com.mymatrix.qa.testcases.SearchClientFilePageTest" time="0.14"/>
  <testcase name="searchClientFilePageTest" classname="com.mymatrix.qa.testcases.SearchClientFilePageTest" time="0.135"/>
  <testcase name="searchClientFilePageTest" classname="com.mymatrix.qa.testcases.SearchClientFilePageTest" time="18.208"/>
</testsuite>