<?xml version="1.0" encoding="UTF-8"?>
<testng-results ignored="0" total="7" passed="7" failed="0" skipped="0">
  <reporter-output>
  </reporter-output>
  <suite started-at="2025-09-14T21:31:39 CDT" name="TestSuite" finished-at="2025-09-14T21:31:56 CDT" duration-ms="17561">
    <groups>
    </groups>
    <test started-at="2025-09-14T21:31:39 CDT" name="Regression Chrome" finished-at="2025-09-14T21:31:56 CDT" duration-ms="17561">
      <class name="com.mymatrix.qa.testcases.LoginPageTest">
        <test-method is-config="true" signature="beforeSuite()[pri:0, instance:com.mymatrix.qa.testcases.LoginPageTest@4c39bec8]" started-at="2025-09-14T21:31:39 CDT" name="beforeSuite" finished-at="2025-09-14T21:31:42 CDT" duration-ms="3399" status="PASS">
          <reporter-output>
          </reporter-output>
        </test-method> <!-- beforeSuite -->
        <test-method is-config="true" signature="beforeClass(java.lang.String)[pri:0, instance:com.mymatrix.qa.testcases.LoginPageTest@4c39bec8]" started-at="2025-09-14T21:31:42 CDT" name="beforeClass" finished-at="2025-09-14T21:31:43 CDT" duration-ms="294" status="PASS">
          <params>
            <param index="0">
              <value>
                <![CDATA[\src\main\java\com\mymatrix\qa\testdata\US QA Regression.xlsx]]>
              </value>
            </param>
          </params>
          <reporter-output>
          </reporter-output>
        </test-method> <!-- beforeClass -->
        <test-method signature="loginTest(java.lang.String,java.lang.String,java.lang.String,java.lang.String,java.lang.String,java.lang.String,java.lang.String,java.lang.String,java.lang.String,java.lang.String)[pri:0, instance:com.mymatrix.qa.testcases.LoginPageTest@4c39bec8]" started-at="2025-09-14T21:31:44 CDT" name="loginTest" data-provider="inputs" finished-at="2025-09-14T21:31:45 CDT" duration-ms="1020" status="PASS">
          <params>
            <param index="0">
              <value>
                <![CDATA[n]]>
              </value>
            </param>
            <param index="1">
              <value>
                <![CDATA[US QA]]>
              </value>
            </param>
            <param index="2">
              <value>
                <![CDATA[Failed Login]]>
              </value>
            </param>
            <param index="3">
              <value>
                <![CDATA[https://matrixqa.carlsonwagonlit.com/usmymatrix/]]>
              </value>
            </param>
            <param index="4">
              <value>
                <![CDATA[112635]]>
              </value>
            </param>
            <param index="5">
              <value>
                <![CDATA[Matr]]>
              </value>
            </param>
            <param index="6">
              <value>
                <![CDATA[]]>
              </value>
            </param>
            <param index="7">
              <value>
                <![CDATA[Success - 2025/09/14 21:18:23]]>
              </value>
            </param>
            <param index="8">
              <value>
                <![CDATA[Success - 2025/09/14 21:30:31]]>
              </value>
            </param>
            <param index="9">
              <value>
                <![CDATA[1]]>
              </value>
            </param>
          </params>
          <reporter-output>
          </reporter-output>
        </test-method> <!-- loginTest -->
        <test-method is-config="true" signature="afterMethod(org.testng.ITestResult)[pri:0, instance:com.mymatrix.qa.testcases.LoginPageTest@4c39bec8]" started-at="2025-09-14T21:31:45 CDT" name="afterMethod" finished-at="2025-09-14T21:31:46 CDT" duration-ms="864" status="PASS">
          <params>
            <param index="0">
              <value>
                <![CDATA[[TestResult name=loginTest status=SUCCESS method=LoginPageTest.loginTest(java.lang.String,java.lang.String,java.lang.String,java.lang.String,java.lang.String,java.lang.String,java.lang.String,java.lang.String,java.lang.String,java.lang.String)[pri:0, instance:com.mymatrix.qa.testcases.LoginPageTest@4c39bec8] output={null}]]]>
              </value>
            </param>
          </params>
          <reporter-output>
          </reporter-output>
        </test-method> <!-- afterMethod -->
        <test-method signature="loginTest(java.lang.String,java.lang.String,java.lang.String,java.lang.String,java.lang.String,java.lang.String,java.lang.String,java.lang.String,java.lang.String,java.lang.String)[pri:0, instance:com.mymatrix.qa.testcases.LoginPageTest@4c39bec8]" started-at="2025-09-14T21:31:46 CDT" name="loginTest" data-provider="inputs" finished-at="2025-09-14T21:31:47 CDT" duration-ms="1264" status="PASS">
          <params>
            <param index="0">
              <value>
                <![CDATA[n]]>
              </value>
            </param>
            <param index="1">
              <value>
                <![CDATA[US QA]]>
              </value>
            </param>
            <param index="2">
              <value>
                <![CDATA[Failed Login]]>
              </value>
            </param>
            <param index="3">
              <value>
                <![CDATA[https://matrixqa.carlsonwagonlit.com/usmymatrix/]]>
              </value>
            </param>
            <param index="4">
              <value>
                <![CDATA[112]]>
              </value>
            </param>
            <param index="5">
              <value>
                <![CDATA[Matrix129]]>
              </value>
            </param>
            <param index="6">
              <value>
                <![CDATA[]]>
              </value>
            </param>
            <param index="7">
              <value>
                <![CDATA[Success - 2025/09/14 21:18:26]]>
              </value>
            </param>
            <param index="8">
              <value>
                <![CDATA[Success - 2025/09/14 21:30:33]]>
              </value>
            </param>
            <param index="9">
              <value>
                <![CDATA[2]]>
              </value>
            </param>
          </params>
          <reporter-output>
          </reporter-output>
        </test-method> <!-- loginTest -->
        <test-method is-config="true" signature="afterMethod(org.testng.ITestResult)[pri:0, instance:com.mymatrix.qa.testcases.LoginPageTest@4c39bec8]" started-at="2025-09-14T21:31:47 CDT" name="afterMethod" finished-at="2025-09-14T21:31:47 CDT" duration-ms="237" status="PASS">
          <params>
            <param index="0">
              <value>
                <![CDATA[[TestResult name=loginTest status=SUCCESS method=LoginPageTest.loginTest(java.lang.String,java.lang.String,java.lang.String,java.lang.String,java.lang.String,java.lang.String,java.lang.String,java.lang.String,java.lang.String,java.lang.String)[pri:0, instance:com.mymatrix.qa.testcases.LoginPageTest@4c39bec8] output={null}]]]>
              </value>
            </param>
          </params>
          <reporter-output>
          </reporter-output>
        </test-method> <!-- afterMethod -->
        <test-method signature="loginTest(java.lang.String,java.lang.String,java.lang.String,java.lang.String,java.lang.String,java.lang.String,java.lang.String,java.lang.String,java.lang.String,java.lang.String)[pri:0, instance:com.mymatrix.qa.testcases.LoginPageTest@4c39bec8]" started-at="2025-09-14T21:31:47 CDT" name="loginTest" data-provider="inputs" finished-at="2025-09-14T21:31:48 CDT" duration-ms="1275" status="PASS">
          <params>
            <param index="0">
              <value>
                <![CDATA[n]]>
              </value>
            </param>
            <param index="1">
              <value>
                <![CDATA[US QA]]>
              </value>
            </param>
            <param index="2">
              <value>
                <![CDATA[Failed Login]]>
              </value>
            </param>
            <param index="3">
              <value>
                <![CDATA[https://matrixqa.carlsonwagonlit.com/usmymatrix/]]>
              </value>
            </param>
            <param index="4">
              <value>
                <![CDATA[]]>
              </value>
            </param>
            <param index="5">
              <value>
                <![CDATA[]]>
              </value>
            </param>
            <param index="6">
              <value>
                <![CDATA[]]>
              </value>
            </param>
            <param index="7">
              <value>
                <![CDATA[Success - 2025/09/14 21:18:29]]>
              </value>
            </param>
            <param index="8">
              <value>
                <![CDATA[Success - 2025/09/14 21:30:35]]>
              </value>
            </param>
            <param index="9">
              <value>
                <![CDATA[3]]>
              </value>
            </param>
          </params>
          <reporter-output>
          </reporter-output>
        </test-method> <!-- loginTest -->
        <test-method is-config="true" signature="afterMethod(org.testng.ITestResult)[pri:0, instance:com.mymatrix.qa.testcases.LoginPageTest@4c39bec8]" started-at="2025-09-14T21:31:48 CDT" name="afterMethod" finished-at="2025-09-14T21:31:49 CDT" duration-ms="213" status="PASS">
          <params>
            <param index="0">
              <value>
                <![CDATA[[TestResult name=loginTest status=SUCCESS method=LoginPageTest.loginTest(java.lang.String,java.lang.String,java.lang.String,java.lang.String,java.lang.String,java.lang.String,java.lang.String,java.lang.String,java.lang.String,java.lang.String)[pri:0, instance:com.mymatrix.qa.testcases.LoginPageTest@4c39bec8] output={null}]]]>
              </value>
            </param>
          </params>
          <reporter-output>
          </reporter-output>
        </test-method> <!-- afterMethod -->
        <test-method signature="loginTest(java.lang.String,java.lang.String,java.lang.String,java.lang.String,java.lang.String,java.lang.String,java.lang.String,java.lang.String,java.lang.String,java.lang.String)[pri:0, instance:com.mymatrix.qa.testcases.LoginPageTest@4c39bec8]" started-at="2025-09-14T21:31:49 CDT" name="loginTest" data-provider="inputs" finished-at="2025-09-14T21:31:50 CDT" duration-ms="1227" status="PASS">
          <params>
            <param index="0">
              <value>
                <![CDATA[n]]>
              </value>
            </param>
            <param index="1">
              <value>
                <![CDATA[US QA]]>
              </value>
            </param>
            <param index="2">
              <value>
                <![CDATA[Forgot Password]]>
              </value>
            </param>
            <param index="3">
              <value>
                <![CDATA[https://matrixqa.carlsonwagonlit.com/usmymatrix/]]>
              </value>
            </param>
            <param index="4">
              <value>
                <![CDATA[]]>
              </value>
            </param>
            <param index="5">
              <value>
                <![CDATA[]]>
              </value>
            </param>
            <param index="6">
              <value>
                <![CDATA[]]>
              </value>
            </param>
            <param index="7">
              <value>
                <![CDATA[Success - 2025/09/14 21:18:31]]>
              </value>
            </param>
            <param index="8">
              <value>
                <![CDATA[Success - 2025/09/14 21:30:36]]>
              </value>
            </param>
            <param index="9">
              <value>
                <![CDATA[4]]>
              </value>
            </param>
          </params>
          <reporter-output>
          </reporter-output>
        </test-method> <!-- loginTest -->
        <test-method is-config="true" signature="afterMethod(org.testng.ITestResult)[pri:0, instance:com.mymatrix.qa.testcases.LoginPageTest@4c39bec8]" started-at="2025-09-14T21:31:50 CDT" name="afterMethod" finished-at="2025-09-14T21:31:50 CDT" duration-ms="194" status="PASS">
          <params>
            <param index="0">
              <value>
                <![CDATA[[TestResult name=loginTest status=SUCCESS method=LoginPageTest.loginTest(java.lang.String,java.lang.String,java.lang.String,java.lang.String,java.lang.String,java.lang.String,java.lang.String,java.lang.String,java.lang.String,java.lang.String)[pri:0, instance:com.mymatrix.qa.testcases.LoginPageTest@4c39bec8] output={null}]]]>
              </value>
            </param>
          </params>
          <reporter-output>
          </reporter-output>
        </test-method> <!-- afterMethod -->
        <test-method signature="loginTest(java.lang.String,java.lang.String,java.lang.String,java.lang.String,java.lang.String,java.lang.String,java.lang.String,java.lang.String,java.lang.String,java.lang.String)[pri:0, instance:com.mymatrix.qa.testcases.LoginPageTest@4c39bec8]" started-at="2025-09-14T21:31:50 CDT" name="loginTest" data-provider="inputs" finished-at="2025-09-14T21:31:51 CDT" duration-ms="1223" status="PASS">
          <params>
            <param index="0">
              <value>
                <![CDATA[n]]>
              </value>
            </param>
            <param index="1">
              <value>
                <![CDATA[US QA]]>
              </value>
            </param>
            <param index="2">
              <value>
                <![CDATA[Successful Login]]>
              </value>
            </param>
            <param index="3">
              <value>
                <![CDATA[https://matrixqa.carlsonwagonlit.com/usmymatrix/]]>
              </value>
            </param>
            <param index="4">
              <value>
                <![CDATA[112635]]>
              </value>
            </param>
            <param index="5">
              <value>
                <![CDATA[Matrix129]]>
              </value>
            </param>
            <param index="6">
              <value>
                <![CDATA[]]>
              </value>
            </param>
            <param index="7">
              <value>
                <![CDATA[Success - 2025/09/14 21:18:33]]>
              </value>
            </param>
            <param index="8">
              <value>
                <![CDATA[Success - 2025/09/14 21:30:38]]>
              </value>
            </param>
            <param index="9">
              <value>
                <![CDATA[5]]>
              </value>
            </param>
          </params>
          <reporter-output>
          </reporter-output>
        </test-method> <!-- loginTest -->
        <test-method is-config="true" signature="afterMethod(org.testng.ITestResult)[pri:0, instance:com.mymatrix.qa.testcases.LoginPageTest@4c39bec8]" started-at="2025-09-14T21:31:51 CDT" name="afterMethod" finished-at="2025-09-14T21:31:51 CDT" duration-ms="171" status="PASS">
          <params>
            <param index="0">
              <value>
                <![CDATA[[TestResult name=loginTest status=SUCCESS method=LoginPageTest.loginTest(java.lang.String,java.lang.String,java.lang.String,java.lang.String,java.lang.String,java.lang.String,java.lang.String,java.lang.String,java.lang.String,java.lang.String)[pri:0, instance:com.mymatrix.qa.testcases.LoginPageTest@4c39bec8] output={null}]]]>
              </value>
            </param>
          </params>
          <reporter-output>
          </reporter-output>
        </test-method> <!-- afterMethod -->
        <test-method signature="loginTest(java.lang.String,java.lang.String,java.lang.String,java.lang.String,java.lang.String,java.lang.String,java.lang.String,java.lang.String,java.lang.String,java.lang.String)[pri:0, instance:com.mymatrix.qa.testcases.LoginPageTest@4c39bec8]" started-at="2025-09-14T21:31:51 CDT" name="loginTest" data-provider="inputs" finished-at="2025-09-14T21:31:54 CDT" duration-ms="2800" status="PASS">
          <params>
            <param index="0">
              <value>
                <![CDATA[Y]]>
              </value>
            </param>
            <param index="1">
              <value>
                <![CDATA[US QA]]>
              </value>
            </param>
            <param index="2">
              <value>
                <![CDATA[Successful Login]]>
              </value>
            </param>
            <param index="3">
              <value>
                <![CDATA[https://mymatrixqa.mycwt.com/login/Default.aspx]]>
              </value>
            </param>
            <param index="4">
              <value>
                <![CDATA[U501sxv]]>
              </value>
            </param>
            <param index="5">
              <value>
                <![CDATA[Welcome2cwt2025!]]>
              </value>
            </param>
            <param index="6">
              <value>
                <![CDATA[US Commercial]]>
              </value>
            </param>
            <param index="7">
              <value>
                <![CDATA[Failure - 2025/09/14 21:18:42]]>
              </value>
            </param>
            <param index="8">
              <value>
                <![CDATA[Failure - 2025/09/14 21:30:47]]>
              </value>
            </param>
            <param index="9">
              <value>
                <![CDATA[6]]>
              </value>
            </param>
          </params>
          <reporter-output>
          </reporter-output>
        </test-method> <!-- loginTest -->
        <test-method is-config="true" signature="afterMethod(org.testng.ITestResult)[pri:0, instance:com.mymatrix.qa.testcases.LoginPageTest@4c39bec8]" started-at="2025-09-14T21:31:54 CDT" name="afterMethod" finished-at="2025-09-14T21:31:55 CDT" duration-ms="841" status="PASS">
          <params>
            <param index="0">
              <value>
                <![CDATA[[TestResult name=loginTest status=SUCCESS method=LoginPageTest.loginTest(java.lang.String,java.lang.String,java.lang.String,java.lang.String,java.lang.String,java.lang.String,java.lang.String,java.lang.String,java.lang.String,java.lang.String)[pri:0, instance:com.mymatrix.qa.testcases.LoginPageTest@4c39bec8] output={null}]]]>
              </value>
            </param>
          </params>
          <reporter-output>
          </reporter-output>
        </test-method> <!-- afterMethod -->
        <test-method signature="loginTest(java.lang.String,java.lang.String,java.lang.String,java.lang.String,java.lang.String,java.lang.String,java.lang.String,java.lang.String,java.lang.String,java.lang.String)[pri:0, instance:com.mymatrix.qa.testcases.LoginPageTest@4c39bec8]" started-at="2025-09-14T21:31:55 CDT" name="loginTest" data-provider="inputs" finished-at="2025-09-14T21:31:56 CDT" duration-ms="1204" status="PASS">
          <params>
            <param index="0">
              <value>
                <![CDATA[Y]]>
              </value>
            </param>
            <param index="1">
              <value>
                <![CDATA[US QA]]>
              </value>
            </param>
            <param index="2">
              <value>
                <![CDATA[Successful Login]]>
              </value>
            </param>
            <param index="3">
              <value>
                <![CDATA[https://mymatrixqa.mycwt.com/login/Default.aspx]]>
              </value>
            </param>
            <param index="4">
              <value>
                <![CDATA[U501sxv]]>
              </value>
            </param>
            <param index="5">
              <value>
                <![CDATA[Welcome2cwt2025!]]>
              </value>
            </param>
            <param index="6">
              <value>
                <![CDATA[Canada]]>
              </value>
            </param>
            <param index="7">
              <value>
                <![CDATA[Failure - 2025/09/14 21:18:54]]>
              </value>
            </param>
            <param index="8">
              <value>
                <![CDATA[Failure - 2025/09/14 21:30:55]]>
              </value>
            </param>
            <param index="9">
              <value>
                <![CDATA[7]]>
              </value>
            </param>
          </params>
          <reporter-output>
          </reporter-output>
        </test-method> <!-- loginTest -->
        <test-method is-config="true" signature="afterMethod(org.testng.ITestResult)[pri:0, instance:com.mymatrix.qa.testcases.LoginPageTest@4c39bec8]" started-at="2025-09-14T21:31:56 CDT" name="afterMethod" finished-at="2025-09-14T21:31:56 CDT" duration-ms="192" status="PASS">
          <params>
            <param index="0">
              <value>
                <![CDATA[[TestResult name=loginTest status=SUCCESS method=LoginPageTest.loginTest(java.lang.String,java.lang.String,java.lang.String,java.lang.String,java.lang.String,java.lang.String,java.lang.String,java.lang.String,java.lang.String,java.lang.String)[pri:0, instance:com.mymatrix.qa.testcases.LoginPageTest@4c39bec8] output={null}]]]>
              </value>
            </param>
          </params>
          <reporter-output>
          </reporter-output>
        </test-method> <!-- afterMethod -->
        <test-method is-config="true" signature="afterSuite()[pri:0, instance:com.mymatrix.qa.testcases.LoginPageTest@4c39bec8]" started-at="2025-09-14T21:31:56 CDT" name="afterSuite" finished-at="2025-09-14T21:31:56 CDT" duration-ms="0" status="PASS">
          <reporter-output>
          </reporter-output>
        </test-method> <!-- afterSuite -->
      </class> <!-- com.mymatrix.qa.testcases.LoginPageTest -->
    </test> <!-- Regression Chrome -->
  </suite> <!-- TestSuite -->
</testng-results>
