<?xml version="1.0" encoding="UTF-8"?>
<!-- Generated by org.testng.reporters.JUnitXMLReporter -->
<testsuite ignored="0" hostname="LNUS5CG91852P3" failures="0" tests="7" name="Regression Chrome" time="17.561" errors="0" timestamp="2025-09-14T21:31:56 CDT">
  <testcase classname="com.mymatrix.qa.testcases.LoginPageTest" name="loginTest" time="1.02"/>
  <testcase classname="com.mymatrix.qa.testcases.LoginPageTest" name="loginTest" time="1.264"/>
  <testcase classname="com.mymatrix.qa.testcases.LoginPageTest" name="loginTest" time="1.275"/>
  <testcase classname="com.mymatrix.qa.testcases.LoginPageTest" name="loginTest" time="1.227"/>
  <testcase classname="com.mymatrix.qa.testcases.LoginPageTest" name="loginTest" time="1.223"/>
  <testcase classname="com.mymatrix.qa.testcases.LoginPageTest" name="loginTest" time="2.8"/>
  <testcase classname="com.mymatrix.qa.testcases.LoginPageTest" name="loginTest" time="1.204"/>
</testsuite> <!-- Regression Chrome -->
